Build started 29/07/2015 22:34:29.
     1>Project "D:\IPM Physics project\Physics-Coursework\SDL code base\SDL Test\SDL Test.vcxproj" on node 2 (Build target(s)).
     1>ClCompile:
         D:\Program Files (x86)\Microsoft Visual Studio 12.0\VC\bin\CL.exe /c /I"C:\dev\glew-1.11.0\include" /I"C:\dev\SDL2-2.0.3\include" /ZI /nologo /W3 /WX- /Od /Oy- /D WIN32 /D _DEBUG /D _WINDOWS /D _UNICODE /D UNICODE /Gm /EHsc /RTC1 /MDd /GS /fp:precise /Zc:wchar_t /Zc:forScope /Fo"Debug\\" /Fd"Debug\vc120.pdb" /Gd /TP /analyze- /errorReport:prompt main.cpp
         main.cpp
     1>d:\ipm physics project\physics-coursework\sdl code base\sdl test\main.cpp(116): error C2601: 'SDL_main' : local function definitions are illegal
                 d:\ipm physics project\physics-coursework\sdl code base\sdl test\main.cpp(62): this line contains a '{' which has not yet been matched
     1>d:\ipm physics project\physics-coursework\sdl code base\sdl test\main.cpp(147): fatal error C1075: end of file found before the left brace '{' at 'd:\ipm physics project\physics-coursework\sdl code base\sdl test\main.cpp(62)' was matched
     1>Done Building Project "D:\IPM Physics project\Physics-Coursework\SDL code base\SDL Test\SDL Test.vcxproj" (Build target(s)) -- FAILED.

Build FAILED.

Time Elapsed 00:00:00.58
